# JRE version: OpenJDK Runtime Environment GraalVM CE 22.3.0 (17.0.5+8) (build 17.0.5+8-jvmci-22.3-b08)
# Java VM: OpenJDK 64-Bit Server VM GraalVM CE 22.3.0 (17.0.5+8-jvmci-22.3-b08, mixed mode, sharing, tiered, jvmci, jvmci compiler, compressed oops, compressed class ptrs, parallel gc, linux-amd64)
GC Precious Log:
 CPUs: 8 total, 1 available
 Memory: 1792M
 Large Page Support: Disabled
 NUMA Support: Disabled
 Compressed Oops: Enabled (32-bit)
 Alignments: Space 512K, Generation 512K, Heap 2M
 Heap Min Capacity: 100M
 Heap Initial Capacity: 100M
 Heap Max Capacity: 512M
 Pre-touch: Disabled
 Parallel Workers: 1
Heap:
 PSYoungGen      total 44544K, used 29052K [0x00000000f5580000, 0x00000000fc900000, 0x0000000100000000)
  eden space 26112K, 99% used [0x00000000f5580000,0x00000000f6effff8,0x00000000f6f00000)
  from space 18432K, 15% used [0x00000000f9b80000,0x00000000f9e5f3e8,0x00000000fad80000)
  to   space 45568K, 0% used [0x00000000f6f00000,0x00000000f6f00000,0x00000000f9b80000)
 ParOldGen       total 349696K, used 349695K [0x00000000e0000000, 0x00000000f5580000, 0x00000000f5580000)
  object space 349696K, 99% used [0x00000000e0000000,0x00000000f557ff80,0x00000000f5580000)
 Metaspace       used 53686K, committed 54592K, reserved 1105920K
  class space    used 5223K, committed 5632K, reserved 1048576K
GC Heap History (20 events):
Event: 855.612 GC heap before
{Heap before GC invocations=385 (full 302):
 PSYoungGen      total 44544K, used 29052K [0x00000000f5580000, 0x00000000fc900000, 0x0000000100000000)
  eden space 26112K, 100% used [0x00000000f5580000,0x00000000f6f00000,0x00000000f6f00000)
  from space 18432K, 15% used [0x00000000f9b80000,0x00000000f9e5f3e8,0x00000000fad80000)
  to   space 45568K, 0% used [0x00000000f6f00000,0x00000000f6f00000,0x00000000f9b80000)
 ParOldGen       total 349696K, used 349696K [0x00000000e0000000, 0x00000000f5580000, 0x00000000f5580000)
  object space 349696K, 100% used [0x00000000e0000000,0x00000000f5580000,0x00000000f5580000)
 Metaspace       used 53686K, committed 54592K, reserved 1105920K
  class space    used 5223K, committed 5632K, reserved 1048576K
}
Event: 857.485 GC heap after
{Heap after GC invocations=385 (full 302):
 PSYoungGen      total 44544K, used 29052K [0x00000000f5580000, 0x00000000fc900000, 0x0000000100000000)
  eden space 26112K, 100% used [0x00000000f5580000,0x00000000f6f00000,0x00000000f6f00000)
  from space 18432K, 15% used [0x00000000f9b80000,0x00000000f9e5f3e8,0x00000000fad80000)
  to   space 45568K, 0% used [0x00000000f6f00000,0x00000000f6f00000,0x00000000f9b80000)
 ParOldGen       total 349696K, used 349696K [0x00000000e0000000, 0x00000000f5580000, 0x00000000f5580000)
  object space 349696K, 100% used [0x00000000e0000000,0x00000000f5580000,0x00000000f5580000)
 Metaspace       used 53686K, committed 54592K, reserved 1105920K
  class space    used 5223K, committed 5632K, reserved 1048576K
}
Event: 857.485 GC heap before
{Heap before GC invocations=386 (full 303):
 PSYoungGen      total 44544K, used 29052K [0x00000000f5580000, 0x00000000fc900000, 0x0000000100000000)
  eden space 26112K, 100% used [0x00000000f5580000,0x00000000f6f00000,0x00000000f6f00000)
  from space 18432K, 15% used [0x00000000f9b80000,0x00000000f9e5f3e8,0x00000000fad80000)
  to   space 45568K, 0% used [0x00000000f6f00000,0x00000000f6f00000,0x00000000f9b80000)
 ParOldGen       total 349696K, used 349696K [0x00000000e0000000, 0x00000000f5580000, 0x00000000f5580000)
  object space 349696K, 100% used [0x00000000e0000000,0x00000000f5580000,0x00000000f5580000)
 Metaspace       used 53686K, committed 54592K, reserved 1105920K
  class space    used 5223K, committed 5632K, reserved 1048576K
}
Event: 859.214 GC heap after
{Heap after GC invocations=386 (full 303):
 PSYoungGen      total 44544K, used 29052K [0x00000000f5580000, 0x00000000fc900000, 0x0000000100000000)
  eden space 26112K, 100% used [0x00000000f5580000,0x00000000f6f00000,0x00000000f6f00000)
  from space 18432K, 15% used [0x00000000f9b80000,0x00000000f9e5f3e8,0x00000000fad80000)
  to   space 45568K, 0% used [0x00000000f6f00000,0x00000000f6f00000,0x00000000f9b80000)
 ParOldGen       total 349696K, used 349696K [0x00000000e0000000, 0x00000000f5580000, 0x00000000f5580000)
  object space 349696K, 100% used [0x00000000e0000000,0x00000000f5580000,0x00000000f5580000)
 Metaspace       used 53686K, committed 54592K, reserved 1105920K
  class space    used 5223K, committed 5632K, reserved 1048576K
}
Event: 859.214 GC heap before
{Heap before GC invocations=387 (full 304):
 PSYoungGen      total 44544K, used 29052K [0x00000000f5580000, 0x00000000fc900000, 0x0000000100000000)
  eden space 26112K, 100% used [0x00000000f5580000,0x00000000f6f00000,0x00000000f6f00000)
  from space 18432K, 15% used [0x00000000f9b80000,0x00000000f9e5f3e8,0x00000000fad80000)
  to   space 45568K, 0% used [0x00000000f6f00000,0x00000000f6f00000,0x00000000f9b80000)
 ParOldGen       total 349696K, used 349696K [0x00000000e0000000, 0x00000000f5580000, 0x00000000f5580000)
  object space 349696K, 100% used [0x00000000e0000000,0x00000000f5580000,0x00000000f5580000)
 Metaspace       used 53686K, committed 54592K, reserved 1105920K
  class space    used 5223K, committed 5632K, reserved 1048576K
}
Event: 860.925 GC heap after
{Heap after GC invocations=387 (full 304):
 PSYoungGen      total 44544K, used 29052K [0x00000000f5580000, 0x00000000fc900000, 0x0000000100000000)
  eden space 26112K, 100% used [0x00000000f5580000,0x00000000f6f00000,0x00000000f6f00000)
  from space 18432K, 15% used [0x00000000f9b80000,0x00000000f9e5f3e8,0x00000000fad80000)
  to   space 45568K, 0% used [0x00000000f6f00000,0x00000000f6f00000,0x00000000f9b80000)
 ParOldGen       total 349696K, used 349696K [0x00000000e0000000, 0x00000000f5580000, 0x00000000f5580000)
  object space 349696K, 100% used [0x00000000e0000000,0x00000000f5580000,0x00000000f5580000)
 Metaspace       used 53686K, committed 54592K, reserved 1105920K
  class space    used 5223K, committed 5632K, reserved 1048576K
}
Event: 860.925 GC heap before
{Heap before GC invocations=388 (full 305):
 PSYoungGen      total 44544K, used 29052K [0x00000000f5580000, 0x00000000fc900000, 0x0000000100000000)
  eden space 26112K, 100% used [0x00000000f5580000,0x00000000f6f00000,0x00000000f6f00000)
  from space 18432K, 15% used [0x00000000f9b80000,0x00000000f9e5f3e8,0x00000000fad80000)
  to   space 45568K, 0% used [0x00000000f6f00000,0x00000000f6f00000,0x00000000f9b80000)
 ParOldGen       total 349696K, used 349696K [0x00000000e0000000, 0x00000000f5580000, 0x00000000f5580000)
  object space 349696K, 100% used [0x00000000e0000000,0x00000000f5580000,0x00000000f5580000)
 Metaspace       used 53686K, committed 54592K, reserved 1105920K
  class space    used 5223K, committed 5632K, reserved 1048576K
}
Event: 862.689 GC heap after
{Heap after GC invocations=388 (full 305):
 PSYoungGen      total 44544K, used 29052K [0x00000000f5580000, 0x00000000fc900000, 0x0000000100000000)
  eden space 26112K, 100% used [0x00000000f5580000,0x00000000f6f00000,0x00000000f6f00000)
  from space 18432K, 15% used [0x00000000f9b80000,0x00000000f9e5f3e8,0x00000000fad80000)
  to   space 45568K, 0% used [0x00000000f6f00000,0x00000000f6f00000,0x00000000f9b80000)
 ParOldGen       total 349696K, used 349696K [0x00000000e0000000, 0x00000000f5580000, 0x00000000f5580000)
  object space 349696K, 100% used [0x00000000e0000000,0x00000000f5580000,0x00000000f5580000)
 Metaspace       used 53686K, committed 54592K, reserved 1105920K
  class space    used 5223K, committed 5632K, reserved 1048576K
}
Event: 862.692 GC heap before
{Heap before GC invocations=389 (full 306):
 PSYoungGen      total 44544K, used 29052K [0x00000000f5580000, 0x00000000fc900000, 0x0000000100000000)
  eden space 26112K, 100% used [0x00000000f5580000,0x00000000f6f00000,0x00000000f6f00000)
  from space 18432K, 15% used [0x00000000f9b80000,0x00000000f9e5f3e8,0x00000000fad80000)
  to   space 45568K, 0% used [0x00000000f6f00000,0x00000000f6f00000,0x00000000f9b80000)
 ParOldGen       total 349696K, used 349696K [0x00000000e0000000, 0x00000000f5580000, 0x00000000f5580000)
  object space 349696K, 100% used [0x00000000e0000000,0x00000000f5580000,0x00000000f5580000)
 Metaspace       used 53686K, committed 54592K, reserved 1105920K
  class space    used 5223K, committed 5632K, reserved 1048576K
}
Event: 864.382 GC heap after
{Heap after GC invocations=389 (full 306):
 PSYoungGen      total 44544K, used 29052K [0x00000000f5580000, 0x00000000fc900000, 0x0000000100000000)
  eden space 26112K, 99% used [0x00000000f5580000,0x00000000f6efffe0,0x00000000f6f00000)
  from space 18432K, 15% used [0x00000000f9b80000,0x00000000f9e5f3e8,0x00000000fad80000)
  to   space 45568K, 0% used [0x00000000f6f00000,0x00000000f6f00000,0x00000000f9b80000)
 ParOldGen       total 349696K, used 349695K [0x00000000e0000000, 0x00000000f5580000, 0x00000000f5580000)
  object space 349696K, 99% used [0x00000000e0000000,0x00000000f557fd80,0x00000000f5580000)
 Metaspace       used 53686K, committed 54592K, reserved 1105920K
  class space    used 5223K, committed 5632K, reserved 1048576K
}
Event: 864.383 GC heap before
{Heap before GC invocations=390 (full 307):
 PSYoungGen      total 44544K, used 29052K [0x00000000f5580000, 0x00000000fc900000, 0x0000000100000000)
  eden space 26112K, 99% used [0x00000000f5580000,0x00000000f6effff8,0x00000000f6f00000)
  from space 18432K, 15% used [0x00000000f9b80000,0x00000000f9e5f3e8,0x00000000fad80000)
  to   space 45568K, 0% used [0x00000000f6f00000,0x00000000f6f00000,0x00000000f9b80000)
 ParOldGen       total 349696K, used 349695K [0x00000000e0000000, 0x00000000f5580000, 0x00000000f5580000)
  object space 349696K, 99% used [0x00000000e0000000,0x00000000f557fd80,0x00000000f5580000)
 Metaspace       used 53686K, committed 54592K, reserved 1105920K
  class space    used 5223K, committed 5632K, reserved 1048576K
}
Event: 866.002 GC heap after
{Heap after GC invocations=390 (full 307):
 PSYoungGen      total 44544K, used 29052K [0x00000000f5580000, 0x00000000fc900000, 0x0000000100000000)
  eden space 26112K, 99% used [0x00000000f5580000,0x00000000f6effff8,0x00000000f6f00000)
  from space 18432K, 15% used [0x00000000f9b80000,0x00000000f9e5f3e8,0x00000000fad80000)
  to   space 45568K, 0% used [0x00000000f6f00000,0x00000000f6f00000,0x00000000f9b80000)
 ParOldGen       total 349696K, used 349695K [0x00000000e0000000, 0x00000000f5580000, 0x00000000f5580000)
  object space 349696K, 99% used [0x00000000e0000000,0x00000000f557fd80,0x00000000f5580000)
 Metaspace       used 53686K, committed 54592K, reserved 1105920K
  class space    used 5223K, committed 5632K, reserved 1048576K
}
Event: 866.003 GC heap before
{Heap before GC invocations=391 (full 308):
 PSYoungGen      total 44544K, used 29052K [0x00000000f5580000, 0x00000000fc900000, 0x0000000100000000)
  eden space 26112K, 99% used [0x00000000f5580000,0x00000000f6effff8,0x00000000f6f00000)
  from space 18432K, 15% used [0x00000000f9b80000,0x00000000f9e5f3e8,0x00000000fad80000)
  to   space 45568K, 0% used [0x00000000f6f00000,0x00000000f6f00000,0x00000000f9b80000)
 ParOldGen       total 349696K, used 349695K [0x00000000e0000000, 0x00000000f5580000, 0x00000000f5580000)
  object space 349696K, 99% used [0x00000000e0000000,0x00000000f557fff8,0x00000000f5580000)
 Metaspace       used 53686K, committed 54592K, reserved 1105920K
  class space    used 5223K, committed 5632K, reserved 1048576K
}
Event: 867.695 GC heap after
{Heap after GC invocations=391 (full 308):
 PSYoungGen      total 44544K, used 29052K [0x00000000f5580000, 0x00000000fc900000, 0x0000000100000000)
  eden space 26112K, 99% used [0x00000000f5580000,0x00000000f6effff8,0x00000000f6f00000)
  from space 18432K, 15% used [0x00000000f9b80000,0x00000000f9e5f3e8,0x00000000fad80000)
  to   space 45568K, 0% used [0x00000000f6f00000,0x00000000f6f00000,0x00000000f9b80000)
 ParOldGen       total 349696K, used 349695K [0x00000000e0000000, 0x00000000f5580000, 0x00000000f5580000)
  object space 349696K, 99% used [0x00000000e0000000,0x00000000f557fea8,0x00000000f5580000)
 Metaspace       used 53686K, committed 54592K, reserved 1105920K
  class space    used 5223K, committed 5632K, reserved 1048576K
}
Event: 867.696 GC heap before
{Heap before GC invocations=392 (full 309):
 PSYoungGen      total 44544K, used 29052K [0x00000000f5580000, 0x00000000fc900000, 0x0000000100000000)
  eden space 26112K, 99% used [0x00000000f5580000,0x00000000f6effff8,0x00000000f6f00000)
  from space 18432K, 15% used [0x00000000f9b80000,0x00000000f9e5f3e8,0x00000000fad80000)
  to   space 45568K, 0% used [0x00000000f6f00000,0x00000000f6f00000,0x00000000f9b80000)
 ParOldGen       total 349696K, used 349695K [0x00000000e0000000, 0x00000000f5580000, 0x00000000f5580000)
  object space 349696K, 99% used [0x00000000e0000000,0x00000000f557fff8,0x00000000f5580000)
 Metaspace       used 53686K, committed 54592K, reserved 1105920K
  class space    used 5223K, committed 5632K, reserved 1048576K
}
Event: 869.202 GC heap after
{Heap after GC invocations=392 (full 309):
 PSYoungGen      total 44544K, used 29052K [0x00000000f5580000, 0x00000000fc900000, 0x0000000100000000)
  eden space 26112K, 99% used [0x00000000f5580000,0x00000000f6effff8,0x00000000f6f00000)
  from space 18432K, 15% used [0x00000000f9b80000,0x00000000f9e5f3e8,0x00000000fad80000)
  to   space 45568K, 0% used [0x00000000f6f00000,0x00000000f6f00000,0x00000000f9b80000)
 ParOldGen       total 349696K, used 349695K [0x00000000e0000000, 0x00000000f5580000, 0x00000000f5580000)
  object space 349696K, 99% used [0x00000000e0000000,0x00000000f557fea8,0x00000000f5580000)
 Metaspace       used 53686K, committed 54592K, reserved 1105920K
  class space    used 5223K, committed 5632K, reserved 1048576K
}
Event: 869.203 GC heap before
{Heap before GC invocations=393 (full 310):
 PSYoungGen      total 44544K, used 29052K [0x00000000f5580000, 0x00000000fc900000, 0x0000000100000000)
  eden space 26112K, 99% used [0x00000000f5580000,0x00000000f6effff8,0x00000000f6f00000)
  from space 18432K, 15% used [0x00000000f9b80000,0x00000000f9e5f3e8,0x00000000fad80000)
  to   space 45568K, 0% used [0x00000000f6f00000,0x00000000f6f00000,0x00000000f9b80000)
 ParOldGen       total 349696K, used 349695K [0x00000000e0000000, 0x00000000f5580000, 0x00000000f5580000)
  object space 349696K, 99% used [0x00000000e0000000,0x00000000f557ff30,0x00000000f5580000)
 Metaspace       used 53686K, committed 54592K, reserved 1105920K
  class space    used 5223K, committed 5632K, reserved 1048576K
}
Event: 870.893 GC heap after
{Heap after GC invocations=393 (full 310):
 PSYoungGen      total 44544K, used 29052K [0x00000000f5580000, 0x00000000fc900000, 0x0000000100000000)
  eden space 26112K, 99% used [0x00000000f5580000,0x00000000f6effff8,0x00000000f6f00000)
  from space 18432K, 15% used [0x00000000f9b80000,0x00000000f9e5f3e8,0x00000000fad80000)
  to   space 45568K, 0% used [0x00000000f6f00000,0x00000000f6f00000,0x00000000f9b80000)
 ParOldGen       total 349696K, used 349695K [0x00000000e0000000, 0x00000000f5580000, 0x00000000f5580000)
  object space 349696K, 99% used [0x00000000e0000000,0x00000000f557fec0,0x00000000f5580000)
 Metaspace       used 53686K, committed 54592K, reserved 1105920K
  class space    used 5223K, committed 5632K, reserved 1048576K
}
Event: 870.893 GC heap before
{Heap before GC invocations=394 (full 311):
 PSYoungGen      total 44544K, used 29052K [0x00000000f5580000, 0x00000000fc900000, 0x0000000100000000)
  eden space 26112K, 99% used [0x00000000f5580000,0x00000000f6effff8,0x00000000f6f00000)
  from space 18432K, 15% used [0x00000000f9b80000,0x00000000f9e5f3e8,0x00000000fad80000)
  to   space 45568K, 0% used [0x00000000f6f00000,0x00000000f6f00000,0x00000000f9b80000)
 ParOldGen       total 349696K, used 349695K [0x00000000e0000000, 0x00000000f5580000, 0x00000000f5580000)
  object space 349696K, 99% used [0x00000000e0000000,0x00000000f557fec0,0x00000000f5580000)
 Metaspace       used 53686K, committed 54592K, reserved 1105920K
  class space    used 5223K, committed 5632K, reserved 1048576K
}
Event: 872.536 GC heap after
{Heap after GC invocations=394 (full 311):
 PSYoungGen      total 44544K, used 29052K [0x00000000f5580000, 0x00000000fc900000, 0x0000000100000000)
  eden space 26112K, 99% used [0x00000000f5580000,0x00000000f6effff8,0x00000000f6f00000)
  from space 18432K, 15% used [0x00000000f9b80000,0x00000000f9e5f3e8,0x00000000fad80000)
  to   space 45568K, 0% used [0x00000000f6f00000,0x00000000f6f00000,0x00000000f9b80000)
 ParOldGen       total 349696K, used 349695K [0x00000000e0000000, 0x00000000f5580000, 0x00000000f5580000)
  object space 349696K, 99% used [0x00000000e0000000,0x00000000f557fec0,0x00000000f5580000)
 Metaspace       used 53686K, committed 54592K, reserved 1105920K
  class space    used 5223K, committed 5632K, reserved 1048576K
}

